<?xml version="1.0" encoding="UTF-8"?>
<!-- Generated by org.testng.reporters.JUnitReportReporter -->
<testsuite hostname="LAPTOP-JOF7DOEN" failures="0" tests="2" name="com.demo.TestCase.TestCase1" time="12.934" errors="0" timestamp="2021-11-01T21:26:20 IST" skipped="0">
  <testcase classname="com.demo.TestCase.TestCase1" name="sample" time="7.652"/>
  <system-out/>
  <testcase classname="com.demo.TestCase.TestCase1" name="sample2" time="5.282"/>
  <system-out/>
</testsuite> <!-- com.demo.TestCase.TestCase1 -->
